mode: set
golang-fundamental/unit_test/intro/greeting.go:5.24,9.2 3 1
golang-fundamental/unit_test/intro/greeting.go:11.21,15.2 3 1
golang-fundamental/unit_test/intro/cube.go:12.42,13.16 1 1
golang-fundamental/unit_test/intro/cube.go:16.2,16.33 1 1
golang-fundamental/unit_test/intro/cube.go:13.16,15.3 1 1
golang-fundamental/unit_test/intro/cube.go:19.40,20.16 1 1
golang-fundamental/unit_test/intro/cube.go:23.2,23.37 1 1
golang-fundamental/unit_test/intro/cube.go:20.16,22.3 1 1
golang-fundamental/unit_test/intro/cube_repository.go:17.52,18.21 1 1
golang-fundamental/unit_test/intro/cube_repository.go:21.2,21.38 1 1
golang-fundamental/unit_test/intro/cube_repository.go:18.21,20.3 1 1
golang-fundamental/unit_test/intro/cube_repository.go:24.50,25.21 1 1
golang-fundamental/unit_test/intro/cube_repository.go:28.2,28.42 1 1
golang-fundamental/unit_test/intro/cube_repository.go:25.21,27.3 1 1
golang-fundamental/unit_test/intro/cube_repository.go:31.50,35.2 3 1
golang-fundamental/unit_test/intro/cube_service.go:7.56,9.2 1 0
golang-fundamental/unit_test/intro/cube_service.go:11.54,13.2 1 0
golang-fundamental/unit_test/intro/cube_service.go:15.54,17.2 1 0
